<?xml version="1.0" encoding="UTF-8"?>
<!-- Generated by org.testng.reporters.JUnitReportReporter -->
<testsuite hostname="LAPTOP-INOVJLH7" failures="0" tests="1" name="com.app.qa.tests.GETrqstTest" time="2.402" errors="0" timestamp="2022-09-23T13:04:13 EET" skipped="0">
  <testcase classname="com.app.qa.tests.GETrqstTest" name="GETRequestTest" time="2.402"/>
  <system-out/>
</testsuite> <!-- com.app.qa.tests.GETrqstTest -->
