<?xml version="1.0" encoding="UTF-8"?>
<!-- Generated by org.testng.reporters.JUnitReportReporter -->
<testsuite hostname="LAPTOP-INOVJLH7" failures="0" tests="1" name="com.app.qa.tests.POSTRequestTest" time="2.317" errors="0" timestamp="2022-09-22T17:58:49 EET" skipped="0">
  <testcase classname="com.app.qa.tests.POSTRequestTest" name="PostRequest" time="2.317"/>
  <system-out/>
</testsuite> <!-- com.app.qa.tests.POSTRequestTest -->
